## 历史订单集群查询抖动故障分析

### 环境信息

```
Red Hat Enterprise Linux Server release 7.5
PostgreSQL 11.1
citus 8.0-8
```

### 问题

```
SQL语句在同一服务器上执行有时候快100ms左右,有时候慢2-6秒,具体见下图
```

![](https://raw.githubusercontent.com/NemoAA/blog/master/citus/%E6%95%85%E9%9A%9C%E5%88%86%E6%9E%90%E8%AE%B0%E5%BD%95/pic-result/lsdd-cluster-1.jpg)

此次分析SQL执行时间如下

![](https://raw.githubusercontent.com/NemoAA/blog/master/citus/%E6%95%85%E9%9A%9C%E5%88%86%E6%9E%90%E8%AE%B0%E5%BD%95/pic-result/lsdd-cluster-4.png)

### 根本原因

```
网络重传导致查询延迟变大
```

### 诊断步骤

#### 1. 主机A上开启SQL运行查询语句

```
postgres=# explain (analyze,buffers,costs,timing) select * from cg40_rrt where login_name = 'wangluguobao';
                                                                          QUERY PLAN                                                                           
---------------------------------------------------------------------------------------------------------------------------------------------------------------
 Custom Scan (Citus Real-Time)  (cost=0.00..0.00 rows=0 width=0) (actual time=2429.324..2429.325 rows=7 loops=1)
   Task Count: 64
   Tasks Shown: One of 64
   ->  Task
         Node: host=10.2.201.137 port=5432 dbname=postgres
         ->  Index Scan using idx_login_name_102779 on cg40_rrt_102779 cg40_rrt  (cost=0.42..16.48 rows=3 width=772) (actual time=0.013..0.014 rows=1 loops=1)
               Index Cond: ((login_name)::text = 'wangluguobao'::text)
               Buffers: shared hit=4
             Planning Time: 1.269 ms
             Execution Time: 0.080 ms
 Planning Time: 9.399 ms
 Execution Time: 2429.396 ms
(12 rows)

Time: 2456.009 ms (00:02.456)
```

#### 2. 主机A新开session运行strace采集信息

```
-- 采集信息
strace -Tt -o strace-28529.log -p 28529

-- 分析信息
cat strace-28529.log |awk  {'print $NF'} |awk -F"<" '{print $2}' |awk -F">" '{if ($1>0.1) {print $1}}' | xargs -I {} grep {} strace-28529.log
```

![1545725363199](https://raw.githubusercontent.com/NemoAA/blog/master/citus/%E6%95%85%E9%9A%9C%E5%88%86%E6%9E%90%E8%AE%B0%E5%BD%95/pic-result/lsdd-cluster-2.png)

#### 3. 主机A新开session采集此进程打开文件信息

从上图可以看到耗时主要发生在文件句柄为42上,下面来采集分析

```
while (true); do lsof -p 28529 >> /home/postgres/lsof-28529.txt; sleep 1; done
```

![](https://raw.githubusercontent.com/NemoAA/blog/master/citus/%E6%95%85%E9%9A%9C%E5%88%86%E6%9E%90%E8%AE%B0%E5%BD%95/pic-result/lsdd-clust-3.png)

#### 4. 在对应主机B上抓包分析

从上面SQL记录执行时间为2.46s,从下图可以看到在建立连接的时候而由于网络重传占据了2.2s(图一1.0024s+图二1.198s),同时使用`ifconfig命令`看到网络有丢包现象,故怀疑是网络丢包导致重传,进而导致查询抖动

```
 tcpdump -s 0 -i bond1 -w tcp-43052.pcap
```

![](https://raw.githubusercontent.com/NemoAA/blog/master/citus/%E6%95%85%E9%9A%9C%E5%88%86%E6%9E%90%E8%AE%B0%E5%BD%95/pic-result/lsdd-cluster-5.png)

![](https://raw.githubusercontent.com/NemoAA/blog/master/citus/%E6%95%85%E9%9A%9C%E5%88%86%E6%9E%90%E8%AE%B0%E5%BD%95/pic-result/lsdd-cluster-6.png)

![](https://raw.githubusercontent.com/NemoAA/blog/master/citus/%E6%95%85%E9%9A%9C%E5%88%86%E6%9E%90%E8%AE%B0%E5%BD%95/pic-result/lsdd-cluster-7.png)